2026-01-20 15:55:39,205 - INFO - Starting services...
2026-01-20 15:55:39,209 - INFO - Server started (PID: 38444)
2026-01-20 15:55:39,213 - INFO - Streamlit started (PID: 38452)
2026-01-20 15:55:41,056 - INFO - Stopping services...
2026-01-20 15:55:41,074 - INFO - Services stopped.
2026-01-20 16:00:37,142 - INFO - Starting services...
2026-01-20 16:00:37,149 - INFO - Server started (PID: 23188)
2026-01-20 16:00:37,156 - INFO - Streamlit started (PID: 34264)
2026-01-20 16:00:39,802 - INFO - Stopping services...
2026-01-20 16:00:39,822 - INFO - Services stopped.
2026-01-20 16:02:15,306 - INFO - Starting services...
2026-01-20 16:02:15,312 - INFO - Server started (PID: 23848)
2026-01-20 16:02:15,317 - INFO - Streamlit started (PID: 35844)
2026-01-20 16:02:17,153 - INFO - Stopping services...
2026-01-20 16:02:17,174 - INFO - Services stopped.
2026-01-20 16:23:05,117 - INFO - Starting services...
2026-01-20 16:23:05,122 - INFO - Server started (PID: 38948)
2026-01-20 16:23:05,126 - INFO - Streamlit started (PID: 28680)
2026-01-20 16:23:06,964 - INFO - Stopping services...
2026-01-20 16:23:06,981 - INFO - Services stopped.
2026-01-20 16:24:45,737 - INFO - Starting services...
2026-01-20 16:24:45,741 - INFO - Server started (PID: 25760)
2026-01-20 16:24:45,744 - INFO - Streamlit started (PID: 36852)
2026-01-20 16:24:47,588 - INFO - Stopping services...
2026-01-20 16:24:47,606 - INFO - Services stopped.
2026-01-20 16:57:09,191 - INFO - Starting services...
2026-01-20 16:57:09,196 - INFO - Server started (PID: 39596)
2026-01-20 16:57:09,200 - INFO - Streamlit started (PID: 37016)
2026-01-20 16:57:10,423 - INFO - Launcher ready. Check system tray.
2026-01-20 17:05:17,994 - INFO - Regenerating icon...
2026-01-20 17:05:18,244 - INFO - Icon updated successfully.
2026-01-20 18:27:06,402 - INFO - Regenerating icon...
2026-01-20 18:27:13,032 - INFO - Icon updated successfully.
